<?xml version="1.0" encoding="UTF-8"?>
<testsuites name="jest tests" tests="4" failures="0" time="4.827">
  <testsuite name="Controllers tests" errors="0" failures="0" skipped="0" timestamp="2020-09-22T08:10:25" time="4.43" tests="4">
    <testcase classname="Controllers tests Getting quote details from controllers" name="Controllers tests Getting quote details from controllers" time="0.035">
    </testcase>
    <testcase classname="Controllers tests Inserting quote details from controllers" name="Controllers tests Inserting quote details from controllers" time="0.004">
    </testcase>
    <testcase classname="Controllers tests Deleting quote details from controllers" name="Controllers tests Deleting quote details from controllers" time="0.003">
    </testcase>
    <testcase classname="Controllers tests Updating quote details from controllers" name="Controllers tests Updating quote details from controllers" time="0.003">
    </testcase>
  </testsuite>
</testsuites>