<?xml version="1.0" encoding="UTF-8"?>
<testsuites name="jest tests" tests="1" failures="0" time="3.055">
  <testsuite name="User Case tests" errors="0" failures="0" skipped="0" timestamp="2020-09-19T14:21:37" time="2.866" tests="1">
    <testcase classname="User Case tests Getting quote details" name="User Case tests Getting quote details" time="0.011">
    </testcase>
  </testsuite>
</testsuites>